<?xml version="1.0" encoding="UTF-8"?>
<!-- Generated by org.testng.reporters.JUnitReportReporter -->
<testsuite skipped="0" hostname="DESKTOP-0IC4D8N" name="com.cbautomate.tests.SnatchBotTests" tests="3" failures="0" timestamp="11 Jan 2021 04:38:03 GMT" time="92.223" errors="0">
  <testcase name="UserCanRegisterSuccssfully" time="35.200" classname="com.cbautomate.tests.SnatchBotTests"/>
  <testcase name="userCanConfigureChatBot" time="22.291" classname="com.cbautomate.tests.SnatchBotTests"/>
  <testcase name="chatBotFunctionAndAssertionMethod" time="34.732" classname="com.cbautomate.tests.SnatchBotTests"/>
</testsuite> <!-- com.cbautomate.tests.SnatchBotTests -->
